<?xml version="1.0" encoding="UTF-8"?>
<!-- Generated by org.testng.reporters.JUnitXMLReporter -->
<testsuite ignored="2" hostname="LAPTOP-4PCTMNT8" failures="0" tests="1" name="Default test" time="16.769" errors="0" timestamp="02 May 2023 07:33:39 GMT">
  <testcase classname="testcases.LoginTest" name="test4" time="11.432"/>
  <testcase classname="testcases.LoginTest" name="test1" time="0.0">
    <ignored/>
  </testcase> <!-- test1 -->
  <testcase classname="testcases.LoginTest" name="test2" time="0.0">
    <ignored/>
  </testcase> <!-- test2 -->
</testsuite> <!-- Default test -->
