<?xml version="1.0" encoding="UTF-8"?>
<!-- Generated by org.testng.reporters.JUnitXMLReporter -->
<testsuite hostname="LAPTOP-4PCTMNT8" ignored="2" name="Test" tests="3" failures="0" timestamp="01 May 2023 08:18:17 GMT" time="4.985" errors="0">
  <testcase name="@BeforeMethod setup" time="0.031" classname="testcases.BaseClass">
    <failure type="java.lang.NullPointerException">
      <![CDATA[java.lang.NullPointerException
at testcases.BaseClass.setup(BaseClass.java:37)
... Removed 28 stack frames]]>
    </failure>
  </testcase> <!-- @BeforeMethod setup -->
  <testcase name="@AfterMethod TearDown" time="0.0" classname="testcases.BaseClass">
    <skipped/>
  </testcase> <!-- @AfterMethod TearDown -->
  <testcase name="@BeforeMethod setup" time="0.0" classname="testcases.BaseClass">
    <skipped/>
  </testcase> <!-- @BeforeMethod setup -->
  <testcase name="@AfterMethod TearDown" time="0.0" classname="testcases.BaseClass">
    <skipped/>
  </testcase> <!-- @AfterMethod TearDown -->
  <testcase name="test3" time="0.092" classname="testcases.HomePageTest"/>
  <testcase name="test1" time="0.0" classname="testcases.LoginTest">
    <skipped/>
  </testcase> <!-- test1 -->
  <testcase name="test2" time="0.0" classname="testcases.LoginTest">
    <skipped/>
  </testcase> <!-- test2 -->
  <testcase name="@AfterTest ReportClean" time="0.0" classname="testcases.BaseClass">
    <ignored/>
  </testcase> <!-- @AfterTest ReportClean -->
  <testcase name="@BeforeTest ReportSetup" time="0.0" classname="testcases.BaseClass">
    <ignored/>
  </testcase> <!-- @BeforeTest ReportSetup -->
</testsuite> <!-- Test -->
