<?xml version="1.0" encoding="UTF-8"?>
<testng-results skipped="0" failed="0" ignored="0" total="1" passed="1">
  <reporter-output>
  </reporter-output>
  <suite name="Suite" duration-ms="92" started-at="2023-05-11T14:58:10Z" finished-at="2023-05-11T14:58:10Z">
    <groups>
    </groups>
    <test name="Test" duration-ms="92" started-at="2023-05-11T14:58:10Z" finished-at="2023-05-11T14:58:10Z">
      <class name="testcases.HomePageTest">
        <test-method status="PASS" signature="test3()[pri:0, instance:testcases.HomePageTest@797badd3]" name="test3" duration-ms="23" started-at="2023-05-11T14:58:10Z" finished-at="2023-05-11T14:58:10Z">
          <reporter-output>
          </reporter-output>
        </test-method> <!-- test3 -->
      </class> <!-- testcases.HomePageTest -->
    </test> <!-- Test -->
  </suite> <!-- Suite -->
</testng-results>
