<?xml version="1.0" encoding="UTF-8"?>
<testng-results ignored="2" total="3" passed="1" failed="0" skipped="0">
  <reporter-output>
  </reporter-output>
  <suite started-at="2023-05-02T07:33:22Z" name="Default suite" finished-at="2023-05-02T07:33:39Z" duration-ms="16769">
    <groups>
    </groups>
    <test started-at="2023-05-02T07:33:22Z" name="Default test" finished-at="2023-05-02T07:33:39Z" duration-ms="16769">
      <class name="testcases.LoginTest">
        <test-method is-config="true" signature="ReportSetup()[pri:0, instance:testcases.LoginTest@54eb2b70]" started-at="2023-05-02T07:33:22Z" name="ReportSetup" finished-at="2023-05-02T07:33:23Z" duration-ms="1104" status="PASS">
          <reporter-output>
          </reporter-output>
        </test-method> <!-- ReportSetup -->
        <test-method is-config="true" signature="setup(java.lang.reflect.Method)[pri:0, instance:testcases.LoginTest@54eb2b70]" started-at="2023-05-02T07:33:23Z" name="setup" finished-at="2023-05-02T07:33:26Z" duration-ms="3086" status="PASS">
          <params>
            <param index="0">
              <value>
                <![CDATA[public void testcases.LoginTest.test4(java.lang.reflect.Method) throws com.codoid.products.exception.FilloException]]>
              </value>
            </param>
          </params>
          <reporter-output>
          </reporter-output>
        </test-method> <!-- setup -->
        <test-method signature="test4(java.lang.reflect.Method)[pri:0, instance:testcases.LoginTest@54eb2b70]" started-at="2023-05-02T07:33:26Z" name="test4" finished-at="2023-05-02T07:33:37Z" duration-ms="11432" status="PASS">
          <params>
            <param index="0">
              <value>
                <![CDATA[public void testcases.LoginTest.test4(java.lang.reflect.Method) throws com.codoid.products.exception.FilloException]]>
              </value>
            </param>
          </params>
          <reporter-output>
          </reporter-output>
        </test-method> <!-- test4 -->
        <test-method is-config="true" signature="TearDown()[pri:0, instance:testcases.LoginTest@54eb2b70]" started-at="2023-05-02T07:33:37Z" name="TearDown" finished-at="2023-05-02T07:33:38Z" duration-ms="386" status="PASS">
          <reporter-output>
          </reporter-output>
        </test-method> <!-- TearDown -->
        <test-method is-config="true" signature="ReportClean()[pri:0, instance:testcases.LoginTest@54eb2b70]" started-at="2023-05-02T07:33:38Z" name="ReportClean" finished-at="2023-05-02T07:33:39Z" duration-ms="724" status="PASS">
          <reporter-output>
          </reporter-output>
        </test-method> <!-- ReportClean -->
      </class> <!-- testcases.LoginTest -->
    </test> <!-- Default test -->
  </suite> <!-- Default suite -->
</testng-results>
