<?xml version="1.0" encoding="UTF-8"?>
<testng-results ignored="0" total="1" passed="1" failed="0" skipped="0">
  <reporter-output>
  </reporter-output>
  <suite started-at="2023-05-11T13:40:14Z" name="Suite" finished-at="2023-05-11T13:40:15Z" duration-ms="112">
    <groups>
    </groups>
    <test started-at="2023-05-11T13:40:14Z" name="Test" finished-at="2023-05-11T13:40:15Z" duration-ms="112">
      <class name="testcases.HomePageTest">
        <test-method signature="test3()[pri:0, instance:testcases.HomePageTest@479ceda0]" started-at="2023-05-11T13:40:14Z" name="test3" finished-at="2023-05-11T13:40:15Z" duration-ms="34" status="PASS">
          <reporter-output>
          </reporter-output>
        </test-method> <!-- test3 -->
      </class> <!-- testcases.HomePageTest -->
    </test> <!-- Test -->
  </suite> <!-- Suite -->
</testng-results>
